#-----------------------------------------------------------
# Vivado v2018.2 (64-bit)
# SW Build 2258646 on Thu Jun 14 20:03:12 MDT 2018
# IP Build 2256618 on Thu Jun 14 22:10:49 MDT 2018
# Start of session at: Sat Jan 19 19:39:25 2019
# Process ID: 5112
# Current directory: E:/Research/cannoc/Design/cannoc.srcs/sources_1/ip/can_0
# Command line: vivado.exe -gui_launcher_event rodinguilauncherevent11528 E:\Research\cannoc\Design\cannoc.srcs\sources_1\ip\can_0\can_0.dcp
# Log file: E:/Research/cannoc/Design/cannoc.srcs/sources_1/ip/can_0/vivado.log
# Journal file: E:/Research/cannoc/Design/cannoc.srcs/sources_1/ip/can_0\vivado.jou
#-----------------------------------------------------------
start_gui
open_checkpoint E:/Research/cannoc/Design/cannoc.srcs/sources_1/ip/can_0/can_0.dcp
Command: open_checkpoint E:/Research/cannoc/Design/cannoc.srcs/sources_1/ip/can_0/can_0.dcp

Starting open_checkpoint Task

Time (s): cpu = 00:00:00 ; elapsed = 00:00:00.048 . Memory (MB): peak = 744.156 ; gain = 0.000
INFO: [IP_Flow 19-234] Refreshing IP repositories
INFO: [IP_Flow 19-1704] No user IP repositories specified
INFO: [IP_Flow 19-2313] Loaded Vivado IP repository 'C:/Xilinx/Vivado/2018.2/data/ip'.
INFO: [Netlist 29-17] Analyzing 12 Unisim elements for replacement
INFO: [Netlist 29-28] Unisim Transformation completed in 0 CPU seconds
INFO: [Project 1-479] Netlist was created with Vivado 2018.2
INFO: [Device 21-403] Loading part xa7a15tcpg236-2I
INFO: [Project 1-570] Preparing netlist for logic optimization
INFO: [Project 1-111] Unisim Transformation Summary:
No Unisim elements were transformed.

INFO: [Project 1-604] Checkpoint was created with Vivado v2018.2 (64-bit) build 2258646
open_checkpoint: Time (s): cpu = 00:00:27 ; elapsed = 00:00:17 . Memory (MB): peak = 1205.395 ; gain = 469.523
exit
INFO: [Common 17-206] Exiting Vivado at Sat Jan 19 19:40:13 2019...
